<?xml version="1.0" ?>
<!DOCTYPE coverage SYSTEM "http://cobertura.sourceforge.net/xml/coverage-04.dtd">
<coverage lines-valid="38" lines-covered="23" line-rate="0.6052000000000001" branches-valid="10" branches-covered="8" branch-rate="0.8" timestamp="1706050254066" complexity="0" version="0.1">
  <sources>
    <source>/Users/butryan/development/toy_robot</source>
  </sources>
  <packages>
    <package name="main" line-rate="0.6052000000000001" branch-rate="0.8">
      <classes>
        <class name="cli.ts" filename="src/cli.ts" line-rate="0" branch-rate="1">
          <methods>
            <method name="(anonymous_0)" hits="0" signature="()V">
              <lines>
                <line number="12" hits="0"/>
              </lines>
            </method>
          </methods>
          <lines>
            <line number="1" hits="0" branch="false"/>
            <line number="2" hits="0" branch="false"/>
            <line number="3" hits="0" branch="false"/>
            <line number="4" hits="0" branch="false"/>
            <line number="6" hits="0" branch="false"/>
            <line number="8" hits="0" branch="false"/>
            <line number="13" hits="0" branch="false"/>
            <line number="14" hits="0" branch="false"/>
            <line number="17" hits="0" branch="false"/>
          </lines>
        </class>
        <class name="commands.ts" filename="src/commands.ts" line-rate="1" branch-rate="1">
          <methods>
            <method name="(anonymous_0)" hits="3" signature="()V">
              <lines>
                <line number="4" hits="3"/>
              </lines>
            </method>
          </methods>
          <lines>
            <line number="2" hits="1" branch="false"/>
            <line number="4" hits="1" branch="false"/>
            <line number="5" hits="3" branch="false"/>
            <line number="12" hits="3" branch="false"/>
            <line number="14" hits="3" branch="true" condition-coverage="100% (4/4)"/>
            <line number="15" hits="2" branch="false"/>
            <line number="16" hits="10" branch="true" condition-coverage="100% (1/1)"/>
            <line number="17" hits="8" branch="false"/>
            <line number="19" hits="2" branch="false"/>
            <line number="20" hits="10" branch="true" condition-coverage="100% (2/2)"/>
            <line number="21" hits="8" branch="false"/>
            <line number="23" hits="2" branch="false"/>
            <line number="29" hits="3" branch="false"/>
          </lines>
        </class>
        <class name="interfaces.ts" filename="src/interfaces.ts" line-rate="0" branch-rate="0">
          <methods>
            <method name="(anonymous_0)" hits="0" signature="()V">
              <lines>
                <line number="1" hits="0"/>
              </lines>
            </method>
          </methods>
          <lines>
            <line number="1" hits="0" branch="true" condition-coverage="0% (0/2)"/>
            <line number="2" hits="0" branch="false"/>
            <line number="3" hits="0" branch="false"/>
            <line number="4" hits="0" branch="false"/>
            <line number="5" hits="0" branch="false"/>
          </lines>
        </class>
        <class name="utils.ts" filename="src/utils.ts" line-rate="0.909" branch-rate="1">
          <methods>
            <method name="(anonymous_0)" hits="3" signature="()V">
              <lines>
                <line number="3" hits="3"/>
              </lines>
            </method>
            <method name="(anonymous_1)" hits="0" signature="()V">
              <lines>
                <line number="17" hits="0"/>
              </lines>
            </method>
          </methods>
          <lines>
            <line number="3" hits="1" branch="false"/>
            <line number="4" hits="3" branch="false"/>
            <line number="5" hits="3" branch="false"/>
            <line number="6" hits="3" branch="false"/>
            <line number="7" hits="3" branch="true" condition-coverage="100% (1/1)"/>
            <line number="8" hits="1" branch="false"/>
            <line number="10" hits="2" branch="false"/>
            <line number="12" hits="1" branch="false"/>
            <line number="14" hits="3" branch="false"/>
            <line number="17" hits="1" branch="false"/>
            <line number="18" hits="0" branch="false"/>
          </lines>
        </class>
      </classes>
    </package>
  </packages>
</coverage>
